
<insert out-identifier="cusomer1" return-object="true"
    entry-point="DEFAULT">
    <org.apache.servicemix.examples.drools.simple.model.Customer>
        <salary>9000</salary>
    </org.apache.servicemix.examples.drools.simple.model.Customer>
</insert>